<?xml version="1.0" encoding="utf-8"?><testsuites name="pytest tests"><testsuite name="pytest" errors="0" failures="0" skipped="0" tests="23" time="4.452" timestamp="2026-02-09T08:31:53.851770+00:00" hostname="agent-env-eccd95cb-acf6-4afa-8695-46f812174e3a"><testcase classname="tests.test_phase9_identity_billing.TestSetup" name="test_backend_health" time="0.038" /><testcase classname="tests.test_phase9_identity_billing.TestPasswordReset" name="test_password_reset_validate_invalid_token" time="0.038" /><testcase classname="tests.test_phase9_identity_billing.TestPasswordReset" name="test_password_reset_confirm_invalid_token" time="0.044" /><testcase classname="tests.test_phase9_identity_billing.TestPasswordReset" name="test_password_reset_confirm_weak_password" time="0.038" /><testcase classname="tests.test_phase9_identity_billing.TestOAuthProviders" name="test_get_oauth_providers" time="0.042" /><testcase classname="tests.test_phase9_identity_billing.TestSessionManagement" name="test_revoke_all_sessions_requires_auth" time="0.052" /><testcase classname="tests.test_phase9_identity_billing.TestSessionManagement" name="test_revoke_all_sessions_authenticated" time="0.308" /><testcase classname="tests.test_phase9_identity_billing.TestSessionManagement" name="test_list_sessions" time="0.313" /><testcase classname="tests.test_phase9_identity_billing.TestBillingEndpoints" name="test_get_plans_public" time="0.038" /><testcase classname="tests.test_phase9_identity_billing.TestBillingEndpoints" name="test_get_billing_status_public" time="0.313" /><testcase classname="tests.test_phase9_identity_billing.TestBillingEndpoints" name="test_get_team_billing_requires_auth" time="0.038" /><testcase classname="tests.test_phase9_identity_billing.TestBillingEndpoints" name="test_get_team_billing" time="0.326" /><testcase classname="tests.test_phase9_identity_billing.TestBillingEndpoints" name="test_get_usage_requires_auth" time="0.042" /><testcase classname="tests.test_phase9_identity_billing.TestBillingEndpoints" name="test_get_usage" time="0.333" /><testcase classname="tests.test_phase9_identity_billing.TestAPIKeys" name="test_list_api_keys_requires_auth" time="0.037" /><testcase classname="tests.test_phase9_identity_billing.TestAPIKeys" name="test_list_api_keys" time="0.350" /><testcase classname="tests.test_phase9_identity_billing.TestAPIKeys" name="test_create_api_key_requires_auth" time="0.043" /><testcase classname="tests.test_phase9_identity_billing.TestAPIKeys" name="test_create_api_key" time="0.322" /><testcase classname="tests.test_phase9_identity_billing.TestAPIKeys" name="test_create_and_verify_api_key" time="0.459" /><testcase classname="tests.test_phase9_identity_billing.TestAPIKeys" name="test_revoke_api_key_requires_auth" time="0.038" /><testcase classname="tests.test_phase9_identity_billing.TestAPIKeys" name="test_revoke_api_key" time="0.437" /><testcase classname="tests.test_phase9_identity_billing.TestAPIKeys" name="test_revoke_nonexistent_key" time="0.320" /><testcase classname="tests.test_phase9_identity_billing.TestAPIKeys" name="test_create_duplicate_name_key" time="0.418" /></testsuite></testsuites>