<?xml version="1.0" encoding="utf-8"?><testsuites name="pytest tests"><testsuite name="pytest" errors="0" failures="0" skipped="0" tests="24" time="6.865" timestamp="2026-02-09T06:56:16.041377+00:00" hostname="agent-env-fad6a3e1-a65b-47ae-88c3-37e897cbc071"><testcase classname="backend.tests.test_phase4_auth_team_scoped.TestAuthSignup" name="test_signup_creates_user_and_team" time="0.318" /><testcase classname="backend.tests.test_phase4_auth_team_scoped.TestAuthSignup" name="test_signup_duplicate_email_fails" time="0.045" /><testcase classname="backend.tests.test_phase4_auth_team_scoped.TestAuthLogin" name="test_login_success" time="0.279" /><testcase classname="backend.tests.test_phase4_auth_team_scoped.TestAuthLogin" name="test_login_invalid_password" time="0.273" /><testcase classname="backend.tests.test_phase4_auth_team_scoped.TestAuthLogin" name="test_login_nonexistent_user" time="0.037" /><testcase classname="backend.tests.test_phase4_auth_team_scoped.TestAuthMe" name="test_me_returns_user_with_teams" time="0.316" /><testcase classname="backend.tests.test_phase4_auth_team_scoped.TestAuthMe" name="test_me_without_auth_fails" time="0.033" /><testcase classname="backend.tests.test_phase4_auth_team_scoped.TestAuthRefresh" name="test_refresh_rotates_tokens" time="0.308" /><testcase classname="backend.tests.test_phase4_auth_team_scoped.TestAuthRefresh" name="test_refresh_invalid_token_fails" time="0.042" /><testcase classname="backend.tests.test_phase4_auth_team_scoped.TestTeams" name="test_create_team" time="0.308" /><testcase classname="backend.tests.test_phase4_auth_team_scoped.TestTeams" name="test_list_teams" time="0.314" /><testcase classname="backend.tests.test_phase4_auth_team_scoped.TestHistoryProtected" name="test_history_without_auth_returns_401" time="0.038" /><testcase classname="backend.tests.test_phase4_auth_team_scoped.TestHistoryProtected" name="test_history_with_auth_returns_team_logs" time="0.309" /><testcase classname="backend.tests.test_phase4_auth_team_scoped.TestHistoryProtected" name="test_history_log_creates_execution_log" time="0.313" /><testcase classname="backend.tests.test_phase4_auth_team_scoped.TestHistoryProtected" name="test_history_stats_returns_team_stats" time="0.345" /><testcase classname="backend.tests.test_phase4_auth_team_scoped.TestPipelinesProtected" name="test_pipelines_without_auth_returns_401" time="0.039" /><testcase classname="backend.tests.test_phase4_auth_team_scoped.TestPipelinesProtected" name="test_pipelines_with_auth_returns_team_pipelines" time="0.317" /><testcase classname="backend.tests.test_phase4_auth_team_scoped.TestPipelinesProtected" name="test_create_pipeline_with_team_id" time="0.300" /><testcase classname="backend.tests.test_phase4_auth_team_scoped.TestPipelinesProtected" name="test_get_pipeline_by_id" time="0.354" /><testcase classname="backend.tests.test_phase4_auth_team_scoped.TestPipelinesProtected" name="test_update_pipeline" time="0.364" /><testcase classname="backend.tests.test_phase4_auth_team_scoped.TestPipelinesProtected" name="test_delete_pipeline_soft_delete" time="0.450" /><testcase classname="backend.tests.test_phase4_auth_team_scoped.TestTeamIsolation" name="test_user_cannot_see_other_team_pipelines" time="0.641" /><testcase classname="backend.tests.test_phase4_auth_team_scoped.TestTeamIsolation" name="test_user_cannot_see_other_team_history" time="0.622" /><testcase classname="backend.tests.test_phase4_auth_team_scoped.TestXTeamIDHeader" name="test_x_team_id_switches_context" time="0.399" /></testsuite></testsuites>