<?xml version="1.0" encoding="utf-8"?><testsuites name="pytest tests"><testsuite name="pytest" errors="0" failures="0" skipped="1" tests="16" time="14.955" timestamp="2026-02-09T09:09:25.206191+00:00" hostname="agent-env-422c81c6-ebdd-4b39-9542-2369be6f62dd"><testcase classname="backend.tests.test_phase_dlite_ux.TestSystemEndpoints" name="test_health_endpoint" time="0.101" /><testcase classname="backend.tests.test_phase_dlite_ux.TestSystemEndpoints" name="test_system_status_endpoint" time="0.036" /><testcase classname="backend.tests.test_phase_dlite_ux.TestSystemEndpoints" name="test_system_status_caching" time="0.113" /><testcase classname="backend.tests.test_phase_dlite_ux.TestBillingEndpoints" name="test_plans_endpoint_unauthenticated" time="0.035" /><testcase classname="backend.tests.test_phase_dlite_ux.TestBillingEndpoints" name="test_plans_caching" time="0.781" /><testcase classname="backend.tests.test_phase_dlite_ux.TestBillingEndpoints" name="test_plans_contain_limits" time="0.036" /><testcase classname="backend.tests.test_phase_dlite_ux.TestOAuthProvidersEndpoint" name="test_oauth_providers_endpoint" time="0.054" /><testcase classname="backend.tests.test_phase_dlite_ux.TestOAuthProvidersEndpoint" name="test_oauth_providers_disabled_without_config" time="0.038" /><testcase classname="backend.tests.test_phase_dlite_ux.TestAuthenticatedEndpoints" name="test_billing_team_endpoint" time="0.554" /><testcase classname="backend.tests.test_phase_dlite_ux.TestAuthenticatedEndpoints" name="test_billing_usage_endpoint" time="0.507" /><testcase classname="backend.tests.test_phase_dlite_ux.TestAuthenticatedEndpoints" name="test_api_keys_list_endpoint" time="1.957"><skipped type="pytest.skip" message="No team ID available">/app/backend/tests/test_phase_dlite_ux.py:244: No team ID available</skipped></testcase><testcase classname="backend.tests.test_phase_dlite_ux.TestAuthenticatedEndpoints" name="test_sessions_endpoint" time="2.563" /><testcase classname="backend.tests.test_phase_dlite_ux.TestAuthenticatedEndpoints" name="test_profile_update_endpoint" time="2.944" /><testcase classname="backend.tests.test_phase_dlite_ux.TestErrorHandling" name="test_invalid_login_returns_friendly_error" time="0.823" /><testcase classname="backend.tests.test_phase_dlite_ux.TestErrorHandling" name="test_missing_auth_returns_401" time="3.199" /><testcase classname="backend.tests.test_phase_dlite_ux.TestErrorHandling" name="test_invalid_route_returns_404" time="1.026" /></testsuite></testsuites>