<?xml version="1.0" encoding="utf-8"?><testsuites name="pytest tests"><testsuite name="pytest" errors="0" failures="6" skipped="0" tests="26" time="4.643" timestamp="2026-02-09T08:25:40.772921+00:00" hostname="agent-env-eccd95cb-acf6-4afa-8695-46f812174e3a"><testcase classname="tests.test_phase9_identity_billing.TestSetup" name="test_backend_health" time="0.079" /><testcase classname="tests.test_phase9_identity_billing.TestPasswordReset" name="test_password_reset_request_valid_email" time="0.104" /><testcase classname="tests.test_phase9_identity_billing.TestPasswordReset" name="test_password_reset_request_unknown_email" time="0.060" /><testcase classname="tests.test_phase9_identity_billing.TestPasswordReset" name="test_password_reset_request_invalid_email_format" time="0.052" /><testcase classname="tests.test_phase9_identity_billing.TestPasswordReset" name="test_password_reset_validate_invalid_token" time="0.041" /><testcase classname="tests.test_phase9_identity_billing.TestPasswordReset" name="test_password_reset_confirm_invalid_token" time="0.042" /><testcase classname="tests.test_phase9_identity_billing.TestPasswordReset" name="test_password_reset_confirm_weak_password" time="0.041" /><testcase classname="tests.test_phase9_identity_billing.TestOAuthProviders" name="test_get_oauth_providers" time="0.044" /><testcase classname="tests.test_phase9_identity_billing.TestSessionManagement" name="test_revoke_all_sessions_requires_auth" time="0.043" /><testcase classname="tests.test_phase9_identity_billing.TestSessionManagement" name="test_revoke_all_sessions_authenticated" time="0.376" /><testcase classname="tests.test_phase9_identity_billing.TestSessionManagement" name="test_list_sessions" time="0.331" /><testcase classname="tests.test_phase9_identity_billing.TestBillingEndpoints" name="test_get_plans_public" time="0.042" /><testcase classname="tests.test_phase9_identity_billing.TestBillingEndpoints" name="test_get_billing_status_public" time="0.374" /><testcase classname="tests.test_phase9_identity_billing.TestBillingEndpoints" name="test_get_team_billing_requires_auth" time="0.045" /><testcase classname="tests.test_phase9_identity_billing.TestBillingEndpoints" name="test_get_team_billing" time="0.322"><failure message="assert 400 == 200&#10; +  where 400 = &lt;Response [400]&gt;.status_code">tests/test_phase9_identity_billing.py:254: in test_get_team_billing
    assert response.status_code == 200
E   assert 400 == 200
E    +  where 400 = &lt;Response [400]&gt;.status_code</failure></testcase><testcase classname="tests.test_phase9_identity_billing.TestBillingEndpoints" name="test_get_usage_requires_auth" time="0.042" /><testcase classname="tests.test_phase9_identity_billing.TestBillingEndpoints" name="test_get_usage" time="0.372"><failure message="assert 400 == 200&#10; +  where 400 = &lt;Response [400]&gt;.status_code">tests/test_phase9_identity_billing.py:285: in test_get_usage
    assert response.status_code == 200
E   assert 400 == 200
E    +  where 400 = &lt;Response [400]&gt;.status_code</failure></testcase><testcase classname="tests.test_phase9_identity_billing.TestAPIKeys" name="test_list_api_keys_requires_auth" time="0.042" /><testcase classname="tests.test_phase9_identity_billing.TestAPIKeys" name="test_list_api_keys" time="0.316"><failure message="assert 520 == 200&#10; +  where 520 = &lt;Response [520]&gt;.status_code">tests/test_phase9_identity_billing.py:332: in test_list_api_keys
    assert response.status_code == 200
E   assert 520 == 200
E    +  where 520 = &lt;Response [520]&gt;.status_code</failure></testcase><testcase classname="tests.test_phase9_identity_billing.TestAPIKeys" name="test_create_api_key_requires_auth" time="0.038" /><testcase classname="tests.test_phase9_identity_billing.TestAPIKeys" name="test_create_api_key" time="0.320" /><testcase classname="tests.test_phase9_identity_billing.TestAPIKeys" name="test_create_and_verify_api_key" time="0.317"><failure message="assert 520 == 200&#10; +  where 520 = &lt;Response [520]&gt;.status_code">tests/test_phase9_identity_billing.py:392: in test_create_and_verify_api_key
    assert create_res.status_code == 200
E   assert 520 == 200
E    +  where 520 = &lt;Response [520]&gt;.status_code</failure></testcase><testcase classname="tests.test_phase9_identity_billing.TestAPIKeys" name="test_revoke_api_key_requires_auth" time="0.043" /><testcase classname="tests.test_phase9_identity_billing.TestAPIKeys" name="test_revoke_api_key" time="0.330"><failure message="assert 520 == 200&#10; +  where 520 = &lt;Response [520]&gt;.status_code">tests/test_phase9_identity_billing.py:435: in test_revoke_api_key
    assert create_res.status_code == 200
E   assert 520 == 200
E    +  where 520 = &lt;Response [520]&gt;.status_code</failure></testcase><testcase classname="tests.test_phase9_identity_billing.TestAPIKeys" name="test_revoke_nonexistent_key" time="0.327" /><testcase classname="tests.test_phase9_identity_billing.TestAPIKeys" name="test_create_duplicate_name_key" time="0.320"><failure message="assert 520 == 200&#10; +  where 520 = &lt;Response [520]&gt;.status_code">tests/test_phase9_identity_billing.py:484: in test_create_duplicate_name_key
    assert create_res1.status_code == 200
E   assert 520 == 200
E    +  where 520 = &lt;Response [520]&gt;.status_code</failure></testcase></testsuite></testsuites>