<?xml version="1.0" encoding="utf-8"?><testsuites name="pytest tests"><testsuite name="pytest" errors="0" failures="0" skipped="0" tests="11" time="3.931" timestamp="2026-02-09T07:45:02.612204+00:00" hostname="agent-env-eccd95cb-acf6-4afa-8695-46f812174e3a"><testcase classname="backend.tests.test_phase6_profile.TestLegacyEndpointRemoval" name="test_legacy_engines_history_returns_404" time="0.111" /><testcase classname="backend.tests.test_phase6_profile.TestProfileAPI" name="test_get_profile_me" time="0.334" /><testcase classname="backend.tests.test_phase6_profile.TestProfileAPI" name="test_get_profile_unauthorized" time="0.321" /><testcase classname="backend.tests.test_phase6_profile.TestProfileAPI" name="test_update_profile_name" time="0.400" /><testcase classname="backend.tests.test_phase6_profile.TestProfileAPI" name="test_update_profile_no_data_returns_400" time="0.352" /><testcase classname="backend.tests.test_phase6_profile.TestSessionsAPI" name="test_get_sessions_list" time="0.324" /><testcase classname="backend.tests.test_phase6_profile.TestSessionsAPI" name="test_get_sessions_unauthorized" time="0.357" /><testcase classname="backend.tests.test_phase6_profile.TestPasswordChangeAPI" name="test_change_password_wrong_current" time="0.540" /><testcase classname="backend.tests.test_phase6_profile.TestPasswordChangeAPI" name="test_change_password_unauthorized" time="0.323" /><testcase classname="backend.tests.test_phase6_profile.TestProtectedHistoryEndpoint" name="test_protected_history_requires_auth" time="0.337" /><testcase classname="backend.tests.test_phase6_profile.TestProtectedHistoryEndpoint" name="test_protected_history_with_auth" time="0.314" /></testsuite></testsuites>