<?xml version="1.0" encoding="utf-8"?><testsuites name="pytest tests"><testsuite name="pytest" errors="0" failures="0" skipped="0" tests="14" time="6.665" timestamp="2026-04-13T05:53:19.639428+00:00" hostname="agent-env-5d6575e0-dcac-4537-a9ce-0930b7f9da14"><testcase classname="backend.tests.test_sla113_iteration18.TestGameTemplates" name="test_fish_shooting_template" time="0.777" /><testcase classname="backend.tests.test_sla113_iteration18.TestGameTemplates" name="test_slot_machine_template" time="0.666" /><testcase classname="backend.tests.test_sla113_iteration18.TestGameTemplates" name="test_platformer_template" time="0.639" /><testcase classname="backend.tests.test_sla113_iteration18.TestGameTemplates" name="test_unknown_type_fallback" time="0.648" /><testcase classname="backend.tests.test_sla113_iteration18.TestDeployEngine" name="test_deploy_and_serve_live_game" time="0.919" /><testcase classname="backend.tests.test_sla113_iteration18.TestMintLedger" name="test_add_credits_500" time="0.316" /><testcase classname="backend.tests.test_sla113_iteration18.TestMintLedger" name="test_add_credits_1000" time="0.323" /><testcase classname="backend.tests.test_sla113_iteration18.TestMintLedger" name="test_add_credits_5000" time="0.296" /><testcase classname="backend.tests.test_sla113_iteration18.TestMintLedger" name="test_add_credits_10000" time="0.325" /><testcase classname="backend.tests.test_sla113_iteration18.TestMintLedger" name="test_delete_tenant" time="0.419" /><testcase classname="backend.tests.test_sla113_iteration18.TestMintLedger" name="test_rtp_validation" time="0.810" /><testcase classname="backend.tests.test_sla113_iteration18.TestExistingDeployments" name="test_existing_fish_deployment" time="0.115" /><testcase classname="backend.tests.test_sla113_iteration18.TestExistingDeployments" name="test_existing_slots_deployment" time="0.102" /><testcase classname="backend.tests.test_sla113_iteration18.TestExistingDeployments" name="test_existing_platformer_deployment" time="0.109" /></testsuite></testsuites>