<?xml version="1.0" encoding="utf-8"?><testsuites name="pytest tests"><testsuite name="pytest" errors="0" failures="0" skipped="0" tests="14" time="50.382" timestamp="2026-04-12T22:34:37.491545+00:00" hostname="agent-env-5d6575e0-dcac-4537-a9ce-0930b7f9da14"><testcase classname="backend.tests.test_sla113_iteration17.TestDeployEngine" name="test_deploy_creates_live_deployment" time="1.043" /><testcase classname="backend.tests.test_sla113_iteration17.TestDeployEngine" name="test_live_game_serves_html" time="0.960" /><testcase classname="backend.tests.test_sla113_iteration17.TestDeployEngine" name="test_live_game_serves_javascript" time="0.985" /><testcase classname="backend.tests.test_sla113_iteration17.TestDeployEngine" name="test_delete_deployment_cleans_up" time="1.126" /><testcase classname="backend.tests.test_sla113_iteration17.TestAudioForge" name="test_audio_generate_creates_asset" time="5.481" /><testcase classname="backend.tests.test_sla113_iteration17.TestAudioForge" name="test_audio_assets_list" time="4.697" /><testcase classname="backend.tests.test_sla113_iteration17.TestAudioForge" name="test_audio_generate_different_types" time="34.585" /><testcase classname="backend.tests.test_sla113_iteration17.TestExistingEndpoints" name="test_status_endpoint" time="0.121" /><testcase classname="backend.tests.test_sla113_iteration17.TestExistingEndpoints" name="test_game_types_endpoint" time="0.113" /><testcase classname="backend.tests.test_sla113_iteration17.TestExistingEndpoints" name="test_nexus_pipelines" time="0.116" /><testcase classname="backend.tests.test_sla113_iteration17.TestExistingEndpoints" name="test_nexus_matrix" time="0.108" /><testcase classname="backend.tests.test_sla113_iteration17.TestExistingEndpoints" name="test_nexus_os_modules" time="0.129" /><testcase classname="backend.tests.test_sla113_iteration17.TestExistingEndpoints" name="test_audio_templates" time="0.104" /><testcase classname="backend.tests.test_sla113_iteration17.TestBuildPipeline" name="test_build_compile_creates_download" time="0.714" /></testsuite></testsuites>