<?xml version="1.0" encoding="utf-8"?><testsuites name="pytest tests"><testsuite name="pytest" errors="0" failures="0" skipped="0" tests="39" time="74.591" timestamp="2026-04-07T02:44:47.269779+00:00" hostname="agent-env-5d6575e0-dcac-4537-a9ce-0930b7f9da14"><testcase classname="backend.tests.test_sla113.TestSLA113GameTypes" name="test_get_game_types_returns_16_types" time="0.206" /><testcase classname="backend.tests.test_sla113.TestSLA113GameTypes" name="test_aaa_game_types_have_correct_category" time="0.048" /><testcase classname="backend.tests.test_sla113.TestSLA113Stats" name="test_get_stats_returns_valid_structure" time="0.054" /><testcase classname="backend.tests.test_sla113.TestSLA113ProjectsCRUD" name="test_list_projects" time="0.049" /><testcase classname="backend.tests.test_sla113.TestSLA113ProjectsCRUD" name="test_create_project_slot_machine" time="0.053" /><testcase classname="backend.tests.test_sla113.TestSLA113ProjectsCRUD" name="test_create_project_tactical_fps" time="0.046" /><testcase classname="backend.tests.test_sla113.TestSLA113ProjectsCRUD" name="test_get_project_by_id" time="0.048" /><testcase classname="backend.tests.test_sla113.TestSLA113ProjectsCRUD" name="test_create_project_invalid_game_type" time="0.050" /><testcase classname="backend.tests.test_sla113.TestSLA113ProjectsCRUD" name="test_get_nonexistent_project" time="0.047" /><testcase classname="backend.tests.test_sla113.TestSLA113ProjectsCRUD" name="test_delete_project" time="0.100" /><testcase classname="backend.tests.test_sla113.TestSLA113ProjectsCRUD" name="test_delete_aaa_project" time="0.051" /><testcase classname="backend.tests.test_sla113.TestSLA113ProjectsCRUD" name="test_delete_nonexistent_project" time="0.051" /><testcase classname="backend.tests.test_sla113.TestSLA113VisionEngine" name="test_vision_generate_requires_project_id" time="0.155" /><testcase classname="backend.tests.test_sla113.TestSLA113VisionEngine" name="test_vision_generate_success" time="14.138" /><testcase classname="backend.tests.test_sla113.TestSLA113LogicEngine" name="test_logic_generate_requires_project_id" time="0.147" /><testcase classname="backend.tests.test_sla113.TestSLA113LogicEngine" name="test_logic_generate_success" time="19.619" /><testcase classname="backend.tests.test_sla113.TestSLA113Composer" name="test_compose_requires_project_id" time="0.147" /><testcase classname="backend.tests.test_sla113.TestSLA113Composer" name="test_compose_success" time="16.316" /><testcase classname="backend.tests.test_sla113.TestSLA113ExistingProject" name="test_existing_project_in_list" time="0.049" /><testcase classname="backend.tests.test_sla113.TestSLA113Tenants" name="test_list_tenants" time="0.083" /><testcase classname="backend.tests.test_sla113.TestSLA113Tenants" name="test_create_tenant" time="0.051" /><testcase classname="backend.tests.test_sla113.TestSLA113Tenants" name="test_create_duplicate_subdomain_fails" time="0.107" /><testcase classname="backend.tests.test_sla113.TestSLA113Tenants" name="test_update_tenant_credits" time="0.067" /><testcase classname="backend.tests.test_sla113.TestSLA113Tenants" name="test_update_tenant_rtp" time="0.085" /><testcase classname="backend.tests.test_sla113.TestSLA113Tenants" name="test_update_tenant_rtp_invalid" time="0.048" /><testcase classname="backend.tests.test_sla113.TestSLA113Tenants" name="test_delete_tenant" time="0.046" /><testcase classname="backend.tests.test_sla113.TestSLA113Jobs" name="test_list_jobs" time="0.064" /><testcase classname="backend.tests.test_sla113.TestSLA113Jobs" name="test_create_job" time="0.050" /><testcase classname="backend.tests.test_sla113.TestSLA113Jobs" name="test_update_job_progress" time="0.087" /><testcase classname="backend.tests.test_sla113.TestSLA113Jobs" name="test_process_job" time="0.096" /><testcase classname="backend.tests.test_sla113.TestSLA113Jobs" name="test_delete_job" time="0.050" /><testcase classname="backend.tests.test_sla113.TestSLA113Jobs" name="test_delete_nonexistent_job" time="0.124" /><testcase classname="backend.tests.test_sla113.TestSLA113Pipelines" name="test_list_pipelines_has_seeded_data" time="0.052" /><testcase classname="backend.tests.test_sla113.TestSLA113Pipelines" name="test_create_pipeline" time="0.199" /><testcase classname="backend.tests.test_sla113.TestSLA113Pipelines" name="test_pulse_pipeline" time="0.097" /><testcase classname="backend.tests.test_sla113.TestSLA113Pipelines" name="test_delete_pipeline" time="0.091" /><testcase classname="backend.tests.test_sla113.TestSLA113Terminal" name="test_terminal_command" time="1.514" /><testcase classname="backend.tests.test_sla113.TestSLA113Terminal" name="test_terminal_empty_command" time="4.617" /><testcase classname="backend.tests.test_sla113.TestSLA113ImageGeneration" name="test_generate_image_endpoint_exists" time="15.442" /></testsuite></testsuites>