<?xml version="1.0" encoding="utf-8"?><testsuites name="pytest tests"><testsuite name="pytest" errors="0" failures="0" skipped="0" tests="13" time="2.982" timestamp="2026-04-13T06:13:27.219764+00:00" hostname="agent-env-5d6575e0-dcac-4537-a9ce-0930b7f9da14"><testcase classname="backend.tests.test_sla113_iteration19.TestFishMultiplayerLobbies" name="test_create_fish_lobby" time="0.190" /><testcase classname="backend.tests.test_sla113_iteration19.TestFishMultiplayerLobbies" name="test_list_fish_lobbies" time="0.378" /><testcase classname="backend.tests.test_sla113_iteration19.TestFishMultiplayerLobbies" name="test_delete_fish_lobby" time="0.425" /><testcase classname="backend.tests.test_sla113_iteration19.TestFishMultiplayerLobbies" name="test_delete_nonexistent_lobby_returns_404" time="0.096" /><testcase classname="backend.tests.test_sla113_iteration19.TestCustomSlotSymbols" name="test_create_symbol_set" time="0.132" /><testcase classname="backend.tests.test_sla113_iteration19.TestCustomSlotSymbols" name="test_list_symbol_sets_includes_default" time="0.110" /><testcase classname="backend.tests.test_sla113_iteration19.TestCustomSlotSymbols" name="test_delete_symbol_set" time="0.314" /><testcase classname="backend.tests.test_sla113_iteration19.TestCustomSlotSymbols" name="test_cannot_delete_default_set" time="0.100" /><testcase classname="backend.tests.test_sla113_iteration19.TestCustomSlotSymbols" name="test_create_symbol_set_requires_min_5_symbols" time="0.098" /><testcase classname="backend.tests.test_sla113_iteration19.TestFiveReelSlotTemplate" name="test_slot_machine_build_produces_5reel_code" time="0.522" /><testcase classname="backend.tests.test_sla113_iteration19.TestFiveReelSlotTemplate" name="test_game_templates_slot_machine_type_exists" time="0.103" /><testcase classname="backend.tests.test_sla113_iteration19.TestCleanup" name="test_cleanup_test_lobbies" time="0.202" /><testcase classname="backend.tests.test_sla113_iteration19.TestCleanup" name="test_cleanup_test_symbol_sets" time="0.209" /></testsuite></testsuites>