<?xml version="1.0" encoding="utf-8"?><testsuites name="pytest tests"><testsuite name="pytest" errors="0" failures="0" skipped="0" tests="21" time="5.822" timestamp="2026-04-12T20:02:51.819171+00:00" hostname="agent-env-5d6575e0-dcac-4537-a9ce-0930b7f9da14"><testcase classname="backend.tests.test_sla113_iteration15.TestUniverseRegistry" name="test_list_universes_returns_4_plus" time="0.126" /><testcase classname="backend.tests.test_sla113_iteration15.TestUniverseRegistry" name="test_list_universes_contains_core_universes" time="0.108" /><testcase classname="backend.tests.test_sla113_iteration15.TestUniverseRegistry" name="test_get_single_universe" time="0.107" /><testcase classname="backend.tests.test_sla113_iteration15.TestUniverseRegistry" name="test_get_nonexistent_universe_returns_404" time="0.103" /><testcase classname="backend.tests.test_sla113_iteration15.TestUniverseRegistry" name="test_register_universe_dynamically" time="0.222" /><testcase classname="backend.tests.test_sla113_iteration15.TestUniverseRegistry" name="test_deregister_universe" time="0.315" /><testcase classname="backend.tests.test_sla113_iteration15.TestUniverseRegistry" name="test_cannot_deregister_nonexistent_universe" time="0.107" /><testcase classname="backend.tests.test_sla113_iteration15.TestUniverseRegistry" name="test_universe_engine_colors_mapping" time="0.104" /><testcase classname="backend.tests.test_sla113_iteration15.TestRealComplianceEngine" name="test_compliance_check_with_logic_engine_rtp" time="0.190" /><testcase classname="backend.tests.test_sla113_iteration15.TestRealComplianceEngine" name="test_compliance_status_types" time="0.137" /><testcase classname="backend.tests.test_sla113_iteration15.TestRealComplianceEngine" name="test_compliance_warn_for_missing_rng" time="0.148" /><testcase classname="backend.tests.test_sla113_iteration15.TestRealComplianceEngine" name="test_compliance_different_jurisdictions" time="0.542" /><testcase classname="backend.tests.test_sla113_iteration15.TestRealComplianceEngine" name="test_compliance_pass_rate_format" time="0.123" /><testcase classname="backend.tests.test_sla113_iteration15.TestRealComplianceEngine" name="test_compliance_nonexistent_project_returns_404" time="0.105" /><testcase classname="backend.tests.test_sla113_iteration15.TestFrontlineSnapshot" name="test_frontline_snapshot_returns_metrics" time="0.107" /><testcase classname="backend.tests.test_sla113_iteration15.TestFrontlineSnapshot" name="test_frontline_snapshot_universes_count" time="0.215" /><testcase classname="backend.tests.test_sla113_iteration15.TestFrontlineSnapshot" name="test_frontline_snapshot_worker_status" time="0.106" /><testcase classname="backend.tests.test_sla113_iteration15.TestFrontlineSnapshot" name="test_frontline_snapshot_numeric_values" time="0.129" /><testcase classname="backend.tests.test_sla113_iteration15.TestWebSocketFrontline" name="test_websocket_connection" time="0.221" /><testcase classname="backend.tests.test_sla113_iteration15.TestWebSocketFrontline" name="test_websocket_receives_multiple_updates" time="2.185" /><testcase classname="backend.tests.test_sla113_iteration15.TestCleanup" name="test_cleanup_test_universes" time="0.352" /></testsuite></testsuites>