<?xml version="1.0" encoding="utf-8"?><testsuites name="pytest tests"><testsuite name="pytest" errors="0" failures="0" skipped="0" tests="16" time="39.426" timestamp="2026-04-06T21:16:32.109926+00:00" hostname="agent-env-5d6575e0-dcac-4537-a9ce-0930b7f9da14"><testcase classname="backend.tests.test_sla113.TestSLA113GameTypes" name="test_get_game_types_returns_10_types" time="0.194" /><testcase classname="backend.tests.test_sla113.TestSLA113Stats" name="test_get_stats_returns_valid_structure" time="0.057" /><testcase classname="backend.tests.test_sla113.TestSLA113ProjectsCRUD" name="test_list_projects" time="0.059" /><testcase classname="backend.tests.test_sla113.TestSLA113ProjectsCRUD" name="test_create_project_slot_machine" time="0.052" /><testcase classname="backend.tests.test_sla113.TestSLA113ProjectsCRUD" name="test_get_project_by_id" time="0.054" /><testcase classname="backend.tests.test_sla113.TestSLA113ProjectsCRUD" name="test_create_project_invalid_game_type" time="0.054" /><testcase classname="backend.tests.test_sla113.TestSLA113ProjectsCRUD" name="test_get_nonexistent_project" time="0.059" /><testcase classname="backend.tests.test_sla113.TestSLA113ProjectsCRUD" name="test_delete_project" time="0.112" /><testcase classname="backend.tests.test_sla113.TestSLA113ProjectsCRUD" name="test_delete_nonexistent_project" time="0.055" /><testcase classname="backend.tests.test_sla113.TestSLA113VisionEngine" name="test_vision_generate_requires_project_id" time="0.161" /><testcase classname="backend.tests.test_sla113.TestSLA113VisionEngine" name="test_vision_generate_success" time="9.490" /><testcase classname="backend.tests.test_sla113.TestSLA113LogicEngine" name="test_logic_generate_requires_project_id" time="0.154" /><testcase classname="backend.tests.test_sla113.TestSLA113LogicEngine" name="test_logic_generate_success" time="11.581" /><testcase classname="backend.tests.test_sla113.TestSLA113Composer" name="test_compose_requires_project_id" time="0.176" /><testcase classname="backend.tests.test_sla113.TestSLA113Composer" name="test_compose_success" time="16.927" /><testcase classname="backend.tests.test_sla113.TestSLA113ExistingProject" name="test_existing_project_in_list" time="0.054" /></testsuite></testsuites>