<?xml version="1.0" encoding="utf-8"?><testsuites name="pytest tests"><testsuite name="pytest" errors="0" failures="0" skipped="0" tests="23" time="31.087" timestamp="2026-04-07T04:24:16.615112+00:00" hostname="agent-env-5d6575e0-dcac-4537-a9ce-0930b7f9da14"><testcase classname="backend.tests.test_sla113_iteration14.TestWorkerStatus" name="test_worker_status_returns_correct_structure" time="0.122" /><testcase classname="backend.tests.test_sla113_iteration14.TestWorkerToggle" name="test_worker_toggle_changes_state" time="2.553" /><testcase classname="backend.tests.test_sla113_iteration14.TestJobCreationWithStages" name="test_create_job_arcade_40_has_correct_stages" time="0.204" /><testcase classname="backend.tests.test_sla113_iteration14.TestJobCreationWithStages" name="test_create_job_fantasy_rpg_has_correct_stages" time="0.209" /><testcase classname="backend.tests.test_sla113_iteration14.TestJobCreationWithStages" name="test_create_job_with_different_priorities" time="0.656" /><testcase classname="backend.tests.test_sla113_iteration14.TestWorkerAutoProcessing" name="test_worker_auto_advances_job" time="12.580" /><testcase classname="backend.tests.test_sla113_iteration14.TestWorkerAutoProcessing" name="test_job_stages_transition_correctly" time="10.478" /><testcase classname="backend.tests.test_sla113_iteration14.TestJobListing" name="test_list_jobs_returns_stages_array" time="0.321" /><testcase classname="backend.tests.test_sla113_iteration14.TestJobDeletion" name="test_delete_job" time="0.829" /><testcase classname="backend.tests.test_sla113_iteration14.TestJobDeletion" name="test_delete_nonexistent_job_returns_404" time="0.098" /><testcase classname="backend.tests.test_sla113_iteration14.TestPreviousFeaturesStillWork" name="test_build_pipeline_still_works" time="0.449" /><testcase classname="backend.tests.test_sla113_iteration14.TestPreviousFeaturesStillWork" name="test_compliance_still_works" time="0.420" /><testcase classname="backend.tests.test_sla113_iteration14.TestPreviousFeaturesStillWork" name="test_deploy_center_still_works" time="0.106" /><testcase classname="backend.tests.test_sla113_iteration14.TestPreviousFeaturesStillWork" name="test_revenue_pipelines_still_work" time="0.228" /><testcase classname="backend.tests.test_sla113_iteration14.TestPreviousFeaturesStillWork" name="test_vision_smith_still_works" time="0.100" /><testcase classname="backend.tests.test_sla113_iteration14.TestAllJobPresets" name="test_preset_creates_correct_stages[ARCADE_40-expected_stages0]" time="0.194" /><testcase classname="backend.tests.test_sla113_iteration14.TestAllJobPresets" name="test_preset_creates_correct_stages[ARCADE_60-expected_stages1]" time="0.200" /><testcase classname="backend.tests.test_sla113_iteration14.TestAllJobPresets" name="test_preset_creates_correct_stages[SLOTS_20-expected_stages2]" time="0.199" /><testcase classname="backend.tests.test_sla113_iteration14.TestAllJobPresets" name="test_preset_creates_correct_stages[OPEN_WORLD-expected_stages3]" time="0.206" /><testcase classname="backend.tests.test_sla113_iteration14.TestAllJobPresets" name="test_preset_creates_correct_stages[CASINO_SUITE-expected_stages4]" time="0.212" /><testcase classname="backend.tests.test_sla113_iteration14.TestAllJobPresets" name="test_preset_creates_correct_stages[GTA5_TYPE-expected_stages5]" time="0.206" /><testcase classname="backend.tests.test_sla113_iteration14.TestAllJobPresets" name="test_preset_creates_correct_stages[COD_WARFARE-expected_stages6]" time="0.245" /><testcase classname="backend.tests.test_sla113_iteration14.TestAllJobPresets" name="test_preset_creates_correct_stages[FANTASY_RPG-expected_stages7]" time="0.199" /></testsuite></testsuites>