<?xml version="1.0" encoding="utf-8"?><testsuites name="pytest tests"><testsuite name="pytest" errors="0" failures="0" skipped="0" tests="17" time="3.472" timestamp="2026-04-18T03:20:05.093049+00:00" hostname="agent-env-5d6575e0-dcac-4537-a9ce-0930b7f9da14"><testcase classname="backend.tests.test_sla113_iteration20.TestSLA113LobbySystem" name="test_01_get_lobbies_returns_7_seeded_defaults" time="0.205" /><testcase classname="backend.tests.test_sla113_iteration20.TestSLA113LobbySystem" name="test_02_get_lobby_details" time="0.306" /><testcase classname="backend.tests.test_sla113_iteration20.TestSLA113LobbySystem" name="test_03_get_lobby_not_found" time="0.108" /><testcase classname="backend.tests.test_sla113_iteration20.TestSLA113LobbySystem" name="test_04_create_lobby" time="0.111" /><testcase classname="backend.tests.test_sla113_iteration20.TestSLA113LobbySystem" name="test_05_update_lobby_base_bet" time="0.120" /><testcase classname="backend.tests.test_sla113_iteration20.TestSLA113LobbySystem" name="test_06_update_lobby_not_found" time="0.141" /><testcase classname="backend.tests.test_sla113_iteration20.TestSLA113LobbySystem" name="test_07_delete_lobby" time="0.276" /><testcase classname="backend.tests.test_sla113_iteration20.TestSLA113LobbySystem" name="test_08_delete_lobby_not_found" time="0.105" /><testcase classname="backend.tests.test_sla113_iteration20.TestLobbyDeploy" name="test_09_deploy_lobby_creates_project_build_deploy" time="0.351" /><testcase classname="backend.tests.test_sla113_iteration20.TestLobbyDeploy" name="test_10_deploy_lobby_not_found" time="0.127" /><testcase classname="backend.tests.test_sla113_iteration20.TestCompiledGameValidation" name="test_11_compiled_game_contains_lobby_config" time="0.449" /><testcase classname="backend.tests.test_sla113_iteration20.TestFishEngineFilter" name="test_12_fish_engine_has_bosses_filter" time="0.230" /><testcase classname="backend.tests.test_sla113_iteration20.TestFishLobbiesNotShadowed" name="test_13_fish_lobbies_endpoint_works" time="0.122" /><testcase classname="backend.tests.test_sla113_iteration20.TestFishLobbiesNotShadowed" name="test_14_fish_lobbies_create_works" time="0.237" /><testcase classname="backend.tests.test_sla113_iteration20.TestLobbyValidation" name="test_15_lobby_has_required_fields" time="0.152" /><testcase classname="backend.tests.test_sla113_iteration20.TestLobbyValidation" name="test_16_shadow_pack_has_dual_boss" time="0.117" /><testcase classname="backend.tests.test_sla113_iteration20.TestCleanup" name="test_99_cleanup_test_lobbies" time="0.113" /></testsuite></testsuites>